<?xml version="1.0" encoding="UTF-8"?>
<!-- Generated by org.testng.reporters.JUnitReportReporter -->
<testsuite skipped="0" hostname="Vyshnavis-MacBook-Pro.local" name="farmrise.WeatherReport_month" tests="1" failures="0" timestamp="21 Jan 2019 09:02:24 GMT" time="72.559" errors="0">
  <testcase name="fetch_weatherData" time="72.559" classname="farmrise.WeatherReport_month"/>
</testsuite> <!-- farmrise.WeatherReport_month -->
